ERROR [main] portico.lrc: federation exists: ExampleFederation
org.portico.lrc.compat.JFederationExecutionAlreadyExists: federation exists: ExampleFederation
	at org.portico.bindings.jgroups.LrcConnection.createFederation(LrcConnection.java:163)
	at org.portico.lrc.services.federation.handlers.outgoing.CreateFederationHandler.process(CreateFederationHandler.java:74)
	at org.portico.utils.messaging.MessageSink.process(MessageSink.java:187)
	at org.portico.impl.hla13.Impl13Helper.processMessage(Impl13Helper.java:123)
	at org.portico.impl.hla13.Rti13Ambassador.processMessage(Rti13Ambassador.java:5822)
	at org.portico.impl.hla13.Rti13Ambassador.createFederationExecution(Rti13Ambassador.java:194)
	at hla13.Example13Federate.runFederate(Example13Federate.java:181)
	at hla13.Example13Federate.main(Example13Federate.java:566)
ERROR [main] portico.lrc: federate name in use: exampleFederate
org.portico.lrc.compat.JFederateAlreadyExecutionMember: federate name in use: exampleFederate
	at org.portico.bindings.jgroups.LrcConnection.joinFederation(LrcConnection.java:260)
	at org.portico.lrc.services.federation.handlers.outgoing.JoinFederationHandler.process(JoinFederationHandler.java:92)
	at org.portico.utils.messaging.MessageSink.process(MessageSink.java:187)
	at org.portico.impl.hla13.Impl13Helper.processMessage(Impl13Helper.java:123)
	at org.portico.impl.hla13.Rti13Ambassador.processMessage(Rti13Ambassador.java:5822)
	at org.portico.impl.hla13.Rti13Ambassador.joinFederationExecution(Rti13Ambassador.java:321)
	at hla13.Example13Federate.runFederate(Example13Federate.java:201)
	at hla13.Example13Federate.main(Example13Federate.java:566)
ERROR [main] portico.lrc: federation exists: ExampleFederation
org.portico.lrc.compat.JFederationExecutionAlreadyExists: federation exists: ExampleFederation
	at org.portico.bindings.jgroups.LrcConnection.createFederation(LrcConnection.java:163)
	at org.portico.lrc.services.federation.handlers.outgoing.CreateFederationHandler.process(CreateFederationHandler.java:74)
	at org.portico.utils.messaging.MessageSink.process(MessageSink.java:187)
	at org.portico.impl.hla13.Impl13Helper.processMessage(Impl13Helper.java:123)
	at org.portico.impl.hla13.Rti13Ambassador.processMessage(Rti13Ambassador.java:5822)
	at org.portico.impl.hla13.Rti13Ambassador.createFederationExecution(Rti13Ambassador.java:194)
	at hla13.Example13Federate.runFederate(Example13Federate.java:181)
	at hla13.Example13Federate.main(Example13Federate.java:566)
ERROR [main] portico.lrc: FAILURE Regiser sync point [ReadyToRun] by [exampleFederate1]: already registered
ERROR [main] portico.lrc: FAILURE Register sync point [ReadyToRun] by [exampleFederate1]: label already registered
ERROR [main] portico.lrc: federation exists: ExampleFederation
org.portico.lrc.compat.JFederationExecutionAlreadyExists: federation exists: ExampleFederation
	at org.portico.bindings.jgroups.LrcConnection.createFederation(LrcConnection.java:163)
	at org.portico.lrc.services.federation.handlers.outgoing.CreateFederationHandler.process(CreateFederationHandler.java:74)
	at org.portico.utils.messaging.MessageSink.process(MessageSink.java:187)
	at org.portico.impl.hla13.Impl13Helper.processMessage(Impl13Helper.java:123)
	at org.portico.impl.hla13.Rti13Ambassador.processMessage(Rti13Ambassador.java:5822)
	at org.portico.impl.hla13.Rti13Ambassador.createFederationExecution(Rti13Ambassador.java:194)
	at hla13.Example13Federate.runFederate(Example13Federate.java:181)
	at hla13.Example13Federate.main(Example13Federate.java:566)
ERROR [main] portico.lrc: federation exists: ExampleFederation
org.portico.lrc.compat.JFederationExecutionAlreadyExists: federation exists: ExampleFederation
	at org.portico.bindings.jgroups.LrcConnection.createFederation(LrcConnection.java:163)
	at org.portico.lrc.services.federation.handlers.outgoing.CreateFederationHandler.process(CreateFederationHandler.java:74)
	at org.portico.utils.messaging.MessageSink.process(MessageSink.java:187)
	at org.portico.impl.hla13.Impl13Helper.processMessage(Impl13Helper.java:123)
	at org.portico.impl.hla13.Rti13Ambassador.processMessage(Rti13Ambassador.java:5822)
	at org.portico.impl.hla13.Rti13Ambassador.createFederationExecution(Rti13Ambassador.java:194)
	at hla13.Example13Federate.runFederate(Example13Federate.java:181)
	at hla13.Example13Federate.main(Example13Federate.java:566)
ERROR [main] portico.lrc: FAILURE Regiser sync point [ReadyToRun] by [exampleFederate1]: already registered
ERROR [main] portico.lrc: FAILURE Register sync point [ReadyToRun] by [exampleFederate1]: label already registered
ERROR [main] portico.lrc: federation exists: ExampleFederation
org.portico.lrc.compat.JFederationExecutionAlreadyExists: federation exists: ExampleFederation
	at org.portico.bindings.jgroups.LrcConnection.createFederation(LrcConnection.java:163)
	at org.portico.lrc.services.federation.handlers.outgoing.CreateFederationHandler.process(CreateFederationHandler.java:74)
	at org.portico.utils.messaging.MessageSink.process(MessageSink.java:187)
	at org.portico.impl.hla13.Impl13Helper.processMessage(Impl13Helper.java:123)
	at org.portico.impl.hla13.Rti13Ambassador.processMessage(Rti13Ambassador.java:5822)
	at org.portico.impl.hla13.Rti13Ambassador.createFederationExecution(Rti13Ambassador.java:194)
	at hla13.producerConsumer.consumer.ConsumerFederate.runFederate(ConsumerFederate.java:32)
	at hla13.producerConsumer.consumer.ConsumerFederate.main(ConsumerFederate.java:179)
ERROR [main] portico.lrc: FAILURE Regiser sync point [ReadyToRun] by [ConsumerFederate]: already registered
ERROR [main] portico.lrc: FAILURE Register sync point [ReadyToRun] by [ConsumerFederate]: label already registered
ERROR [main] portico.lrc: Fed file doesn't exist: file=file:/C:/Users/Dawid/Downloads/portico-producer-consumer-full_2/client-consumer.fed
org.portico.lrc.compat.JCouldNotOpenFED: Fed file doesn't exist: file=file:/C:/Users/Dawid/Downloads/portico-producer-consumer-full_2/client-consumer.fed
	at org.portico.lrc.services.federation.handlers.outgoing.CreateFederationHandler.parseFed(CreateFederationHandler.java:111)
	at org.portico.lrc.services.federation.handlers.outgoing.CreateFederationHandler.process(CreateFederationHandler.java:66)
	at org.portico.utils.messaging.MessageSink.process(MessageSink.java:187)
	at org.portico.impl.hla13.Impl13Helper.processMessage(Impl13Helper.java:123)
	at org.portico.impl.hla13.Rti13Ambassador.processMessage(Rti13Ambassador.java:5822)
	at org.portico.impl.hla13.Rti13Ambassador.createFederationExecution(Rti13Ambassador.java:194)
	at hla13.producerConsumer.client.ClientFederate.runFederate(ClientFederate.java:30)
	at hla13.producerConsumer.client.ClientFederate.main(ClientFederate.java:172)
Caused by: org.portico.lrc.compat.JCouldNotOpenFED: Fed file doesn't exist: file=file:/C:/Users/Dawid/Downloads/portico-producer-consumer-full_2/client-consumer.fed
	at org.portico.lrc.services.federation.handlers.outgoing.CreateFederationHandler.parseFed(CreateFederationHandler.java:105)
	... 7 more
ERROR [main] portico.lrc: federation exists: ExampleFederation
org.portico.lrc.compat.JFederationExecutionAlreadyExists: federation exists: ExampleFederation
	at org.portico.bindings.jgroups.LrcConnection.createFederation(LrcConnection.java:163)
	at org.portico.lrc.services.federation.handlers.outgoing.CreateFederationHandler.process(CreateFederationHandler.java:74)
	at org.portico.utils.messaging.MessageSink.process(MessageSink.java:187)
	at org.portico.impl.hla13.Impl13Helper.processMessage(Impl13Helper.java:123)
	at org.portico.impl.hla13.Rti13Ambassador.processMessage(Rti13Ambassador.java:5822)
	at org.portico.impl.hla13.Rti13Ambassador.createFederationExecution(Rti13Ambassador.java:194)
	at hla13.producerConsumer.distributor.DistributorFederate.runFederate(DistributorFederate.java:33)
	at hla13.producerConsumer.distributor.DistributorFederate.main(DistributorFederate.java:220)
ERROR [main] portico.lrc: FAILURE Regiser sync point [ReadyToRun] by [DistributorFederate]: already registered
ERROR [main] portico.lrc: FAILURE Register sync point [ReadyToRun] by [DistributorFederate]: label already registered
ERROR [main] portico.lrc: federation exists: ExampleFederation
org.portico.lrc.compat.JFederationExecutionAlreadyExists: federation exists: ExampleFederation
	at org.portico.bindings.jgroups.LrcConnection.createFederation(LrcConnection.java:163)
	at org.portico.lrc.services.federation.handlers.outgoing.CreateFederationHandler.process(CreateFederationHandler.java:74)
	at org.portico.utils.messaging.MessageSink.process(MessageSink.java:187)
	at org.portico.impl.hla13.Impl13Helper.processMessage(Impl13Helper.java:123)
	at org.portico.impl.hla13.Rti13Ambassador.processMessage(Rti13Ambassador.java:5822)
	at org.portico.impl.hla13.Rti13Ambassador.createFederationExecution(Rti13Ambassador.java:194)
	at hla13.producerConsumer.client.ClientFederate.runFederate(ClientFederate.java:30)
	at hla13.producerConsumer.client.ClientFederate.main(ClientFederate.java:172)
ERROR [main] portico.lrc: FAILURE Regiser sync point [ReadyToRun] by [ClientFederate]: already registered
ERROR [main] portico.lrc: FAILURE Register sync point [ReadyToRun] by [ClientFederate]: label already registered
ERROR [main] portico.lrc: federation exists: ExampleFederation
org.portico.lrc.compat.JFederationExecutionAlreadyExists: federation exists: ExampleFederation
	at org.portico.bindings.jgroups.LrcConnection.createFederation(LrcConnection.java:163)
	at org.portico.lrc.services.federation.handlers.outgoing.CreateFederationHandler.process(CreateFederationHandler.java:74)
	at org.portico.utils.messaging.MessageSink.process(MessageSink.java:187)
	at org.portico.impl.hla13.Impl13Helper.processMessage(Impl13Helper.java:123)
	at org.portico.impl.hla13.Rti13Ambassador.processMessage(Rti13Ambassador.java:5822)
	at org.portico.impl.hla13.Rti13Ambassador.createFederationExecution(Rti13Ambassador.java:194)
	at hla13.producerConsumer.distributor.DistributorFederate.runFederate(DistributorFederate.java:33)
	at hla13.producerConsumer.distributor.DistributorFederate.main(DistributorFederate.java:237)
ERROR [main] portico.lrc: federate name in use: CashRegisterFederate
org.portico.lrc.compat.JFederateAlreadyExecutionMember: federate name in use: CashRegisterFederate
	at org.portico.bindings.jgroups.LrcConnection.joinFederation(LrcConnection.java:260)
	at org.portico.lrc.services.federation.handlers.outgoing.JoinFederationHandler.process(JoinFederationHandler.java:92)
	at org.portico.utils.messaging.MessageSink.process(MessageSink.java:187)
	at org.portico.impl.hla13.Impl13Helper.processMessage(Impl13Helper.java:123)
	at org.portico.impl.hla13.Rti13Ambassador.processMessage(Rti13Ambassador.java:5822)
	at org.portico.impl.hla13.Rti13Ambassador.joinFederationExecution(Rti13Ambassador.java:321)
	at hla13.producerConsumer.distributor.DistributorFederate.runFederate(DistributorFederate.java:49)
	at hla13.producerConsumer.distributor.DistributorFederate.main(DistributorFederate.java:237)
ERROR [main] portico.lrc: federation exists: ExampleFederation
org.portico.lrc.compat.JFederationExecutionAlreadyExists: federation exists: ExampleFederation
	at org.portico.bindings.jgroups.LrcConnection.createFederation(LrcConnection.java:163)
	at org.portico.lrc.services.federation.handlers.outgoing.CreateFederationHandler.process(CreateFederationHandler.java:74)
	at org.portico.utils.messaging.MessageSink.process(MessageSink.java:187)
	at org.portico.impl.hla13.Impl13Helper.processMessage(Impl13Helper.java:123)
	at org.portico.impl.hla13.Rti13Ambassador.processMessage(Rti13Ambassador.java:5822)
	at org.portico.impl.hla13.Rti13Ambassador.createFederationExecution(Rti13Ambassador.java:194)
	at hla13.producerConsumer.distributor.DistributorFederate.runFederate(DistributorFederate.java:33)
	at hla13.producerConsumer.distributor.DistributorFederate.main(DistributorFederate.java:237)
ERROR [main] portico.lrc: FAILURE Regiser sync point [ReadyToRun] by [DistributorFederate]: already registered
ERROR [main] portico.lrc: FAILURE Register sync point [ReadyToRun] by [DistributorFederate]: label already registered
ERROR [main] portico.lrc: federation exists: ExampleFederation
org.portico.lrc.compat.JFederationExecutionAlreadyExists: federation exists: ExampleFederation
	at org.portico.bindings.jgroups.LrcConnection.createFederation(LrcConnection.java:163)
	at org.portico.lrc.services.federation.handlers.outgoing.CreateFederationHandler.process(CreateFederationHandler.java:74)
	at org.portico.utils.messaging.MessageSink.process(MessageSink.java:187)
	at org.portico.impl.hla13.Impl13Helper.processMessage(Impl13Helper.java:123)
	at org.portico.impl.hla13.Rti13Ambassador.processMessage(Rti13Ambassador.java:5822)
	at org.portico.impl.hla13.Rti13Ambassador.createFederationExecution(Rti13Ambassador.java:194)
	at hla13.producerConsumer.client.ClientFederate.runFederate(ClientFederate.java:30)
	at hla13.producerConsumer.client.ClientFederate.main(ClientFederate.java:172)
ERROR [main] portico.lrc: FAILURE Register sync point [ReadyToRun] by [ClientFederate]: already announced
ERROR [main] portico.lrc: not published: 519
org.portico.lrc.compat.JInteractionClassNotPublished: not published: 519
	at org.portico.lrc.services.object.handlers.outgoing.SendInteractionHandler.validatePublication(SendInteractionHandler.java:127)
	at org.portico.lrc.services.object.handlers.outgoing.SendInteractionHandler.process(SendInteractionHandler.java:85)
	at org.portico.utils.messaging.MessageSink.process(MessageSink.java:187)
	at org.portico.impl.hla13.Impl13Helper.processMessage(Impl13Helper.java:123)
	at org.portico.impl.hla13.Rti13Ambassador.processMessage(Rti13Ambassador.java:5822)
	at org.portico.impl.hla13.Rti13Ambassador.sendInteraction(Rti13Ambassador.java:2127)
	at hla13.producerConsumer.distributor.DistributorFederate.sendInteraction(DistributorFederate.java:113)
	at hla13.producerConsumer.distributor.DistributorFederate.runFederate(DistributorFederate.java:94)
	at hla13.producerConsumer.distributor.DistributorFederate.main(DistributorFederate.java:237)
ERROR [main] portico.lrc: federation exists: ExampleFederation
org.portico.lrc.compat.JFederationExecutionAlreadyExists: federation exists: ExampleFederation
	at org.portico.bindings.jgroups.LrcConnection.createFederation(LrcConnection.java:163)
	at org.portico.lrc.services.federation.handlers.outgoing.CreateFederationHandler.process(CreateFederationHandler.java:74)
	at org.portico.utils.messaging.MessageSink.process(MessageSink.java:187)
	at org.portico.impl.hla13.Impl13Helper.processMessage(Impl13Helper.java:123)
	at org.portico.impl.hla13.Rti13Ambassador.processMessage(Rti13Ambassador.java:5822)
	at org.portico.impl.hla13.Rti13Ambassador.createFederationExecution(Rti13Ambassador.java:194)
	at hla13.producerConsumer.distributor.DistributorFederate.runFederate(DistributorFederate.java:33)
	at hla13.producerConsumer.distributor.DistributorFederate.main(DistributorFederate.java:237)
ERROR [main] portico.lrc: federation exists: ExampleFederation
org.portico.lrc.compat.JFederationExecutionAlreadyExists: federation exists: ExampleFederation
	at org.portico.bindings.jgroups.LrcConnection.createFederation(LrcConnection.java:163)
	at org.portico.lrc.services.federation.handlers.outgoing.CreateFederationHandler.process(CreateFederationHandler.java:74)
	at org.portico.utils.messaging.MessageSink.process(MessageSink.java:187)
	at org.portico.impl.hla13.Impl13Helper.processMessage(Impl13Helper.java:123)
	at org.portico.impl.hla13.Rti13Ambassador.processMessage(Rti13Ambassador.java:5822)
	at org.portico.impl.hla13.Rti13Ambassador.createFederationExecution(Rti13Ambassador.java:194)
	at hla13.producerConsumer.cashRegister.CashRegisterFederate.runFederate(CashRegisterFederate.java:34)
	at hla13.producerConsumer.cashRegister.CashRegisterFederate.main(CashRegisterFederate.java:221)
ERROR [main] portico.lrc: FAILURE Regiser sync point [ReadyToRun] by [CashRegisterFederate]: already registered
ERROR [main] portico.lrc: FAILURE Register sync point [ReadyToRun] by [CashRegisterFederate]: label already registered
ERROR [main] portico.lrc: federation exists: ExampleFederation
org.portico.lrc.compat.JFederationExecutionAlreadyExists: federation exists: ExampleFederation
	at org.portico.bindings.jgroups.LrcConnection.createFederation(LrcConnection.java:163)
	at org.portico.lrc.services.federation.handlers.outgoing.CreateFederationHandler.process(CreateFederationHandler.java:74)
	at org.portico.utils.messaging.MessageSink.process(MessageSink.java:187)
	at org.portico.impl.hla13.Impl13Helper.processMessage(Impl13Helper.java:123)
	at org.portico.impl.hla13.Rti13Ambassador.processMessage(Rti13Ambassador.java:5822)
	at org.portico.impl.hla13.Rti13Ambassador.createFederationExecution(Rti13Ambassador.java:194)
	at hla13.producerConsumer.cashRegister.CashRegisterFederate.runFederate(CashRegisterFederate.java:34)
	at hla13.producerConsumer.cashRegister.CashRegisterFederate.main(CashRegisterFederate.java:221)
ERROR [main] portico.lrc: FAILURE Regiser sync point [ReadyToRun] by [CashRegisterFederate]: already registered
ERROR [main] portico.lrc: FAILURE Register sync point [ReadyToRun] by [CashRegisterFederate]: label already registered
ERROR [main] portico.lrc: federation exists: ExampleFederation
org.portico.lrc.compat.JFederationExecutionAlreadyExists: federation exists: ExampleFederation
	at org.portico.bindings.jgroups.LrcConnection.createFederation(LrcConnection.java:163)
	at org.portico.lrc.services.federation.handlers.outgoing.CreateFederationHandler.process(CreateFederationHandler.java:74)
	at org.portico.utils.messaging.MessageSink.process(MessageSink.java:187)
	at org.portico.impl.hla13.Impl13Helper.processMessage(Impl13Helper.java:123)
	at org.portico.impl.hla13.Rti13Ambassador.processMessage(Rti13Ambassador.java:5822)
	at org.portico.impl.hla13.Rti13Ambassador.createFederationExecution(Rti13Ambassador.java:194)
	at hla13.producerConsumer.distributor.DistributorFederate.runFederate(DistributorFederate.java:33)
	at hla13.producerConsumer.distributor.DistributorFederate.main(DistributorFederate.java:237)
ERROR [main] portico.lrc: FAILURE Regiser sync point [ReadyToRun] by [DistributorFederate]: already registered
ERROR [main] portico.lrc: FAILURE Register sync point [ReadyToRun] by [DistributorFederate]: label already registered
ERROR [main] portico.lrc: federation exists: ExampleFederation
org.portico.lrc.compat.JFederationExecutionAlreadyExists: federation exists: ExampleFederation
	at org.portico.bindings.jgroups.LrcConnection.createFederation(LrcConnection.java:163)
	at org.portico.lrc.services.federation.handlers.outgoing.CreateFederationHandler.process(CreateFederationHandler.java:74)
	at org.portico.utils.messaging.MessageSink.process(MessageSink.java:187)
	at org.portico.impl.hla13.Impl13Helper.processMessage(Impl13Helper.java:123)
	at org.portico.impl.hla13.Rti13Ambassador.processMessage(Rti13Ambassador.java:5822)
	at org.portico.impl.hla13.Rti13Ambassador.createFederationExecution(Rti13Ambassador.java:194)
	at hla13.producerConsumer.cashRegister.CashRegisterFederate.runFederate(CashRegisterFederate.java:34)
	at hla13.producerConsumer.cashRegister.CashRegisterFederate.main(CashRegisterFederate.java:221)
ERROR [main] portico.lrc: FAILURE Regiser sync point [ReadyToRun] by [CashRegisterFederate]: already registered
ERROR [main] portico.lrc: FAILURE Register sync point [ReadyToRun] by [CashRegisterFederate]: label already registered
ERROR [main] portico.lrc: federation exists: ExampleFederation
org.portico.lrc.compat.JFederationExecutionAlreadyExists: federation exists: ExampleFederation
	at org.portico.bindings.jgroups.LrcConnection.createFederation(LrcConnection.java:163)
	at org.portico.lrc.services.federation.handlers.outgoing.CreateFederationHandler.process(CreateFederationHandler.java:74)
	at org.portico.utils.messaging.MessageSink.process(MessageSink.java:187)
	at org.portico.impl.hla13.Impl13Helper.processMessage(Impl13Helper.java:123)
	at org.portico.impl.hla13.Rti13Ambassador.processMessage(Rti13Ambassador.java:5822)
	at org.portico.impl.hla13.Rti13Ambassador.createFederationExecution(Rti13Ambassador.java:194)
	at hla13.producerConsumer.distributor.DistributorFederate.runFederate(DistributorFederate.java:33)
	at hla13.producerConsumer.distributor.DistributorFederate.main(DistributorFederate.java:241)
ERROR [main] portico.lrc: FAILURE Regiser sync point [ReadyToRun] by [DistributorFederate]: already registered
ERROR [main] portico.lrc: FAILURE Register sync point [ReadyToRun] by [DistributorFederate]: label already registered
ERROR [main] portico.lrc: not published: 519
org.portico.lrc.compat.JInteractionClassNotPublished: not published: 519
	at org.portico.lrc.services.object.handlers.outgoing.SendInteractionHandler.validatePublication(SendInteractionHandler.java:127)
	at org.portico.lrc.services.object.handlers.outgoing.SendInteractionHandler.process(SendInteractionHandler.java:85)
	at org.portico.utils.messaging.MessageSink.process(MessageSink.java:187)
	at org.portico.impl.hla13.Impl13Helper.processMessage(Impl13Helper.java:123)
	at org.portico.impl.hla13.Rti13Ambassador.processMessage(Rti13Ambassador.java:5822)
	at org.portico.impl.hla13.Rti13Ambassador.sendInteraction(Rti13Ambassador.java:2127)
	at hla13.producerConsumer.distributor.DistributorFederate.sendInteraction(DistributorFederate.java:113)
	at hla13.producerConsumer.distributor.DistributorFederate.runFederate(DistributorFederate.java:94)
	at hla13.producerConsumer.distributor.DistributorFederate.main(DistributorFederate.java:241)
ERROR [main] portico.lrc: federation exists: ExampleFederation
org.portico.lrc.compat.JFederationExecutionAlreadyExists: federation exists: ExampleFederation
	at org.portico.bindings.jgroups.LrcConnection.createFederation(LrcConnection.java:163)
	at org.portico.lrc.services.federation.handlers.outgoing.CreateFederationHandler.process(CreateFederationHandler.java:74)
	at org.portico.utils.messaging.MessageSink.process(MessageSink.java:187)
	at org.portico.impl.hla13.Impl13Helper.processMessage(Impl13Helper.java:123)
	at org.portico.impl.hla13.Rti13Ambassador.processMessage(Rti13Ambassador.java:5822)
	at org.portico.impl.hla13.Rti13Ambassador.createFederationExecution(Rti13Ambassador.java:194)
	at hla13.producerConsumer.cashRegister.CashRegisterFederate.runFederate(CashRegisterFederate.java:34)
	at hla13.producerConsumer.cashRegister.CashRegisterFederate.main(CashRegisterFederate.java:221)
ERROR [main] portico.lrc: FAILURE Regiser sync point [ReadyToRun] by [CashRegisterFederate]: already registered
ERROR [main] portico.lrc: FAILURE Register sync point [ReadyToRun] by [CashRegisterFederate]: label already registered
ERROR [main] portico.lrc: federation exists: ExampleFederation
org.portico.lrc.compat.JFederationExecutionAlreadyExists: federation exists: ExampleFederation
	at org.portico.bindings.jgroups.LrcConnection.createFederation(LrcConnection.java:163)
	at org.portico.lrc.services.federation.handlers.outgoing.CreateFederationHandler.process(CreateFederationHandler.java:74)
	at org.portico.utils.messaging.MessageSink.process(MessageSink.java:187)
	at org.portico.impl.hla13.Impl13Helper.processMessage(Impl13Helper.java:123)
	at org.portico.impl.hla13.Rti13Ambassador.processMessage(Rti13Ambassador.java:5822)
	at org.portico.impl.hla13.Rti13Ambassador.createFederationExecution(Rti13Ambassador.java:194)
	at hla13.producerConsumer.distributor.DistributorFederate.runFederate(DistributorFederate.java:33)
	at hla13.producerConsumer.distributor.DistributorFederate.main(DistributorFederate.java:245)
ERROR [main] portico.lrc: FAILURE Regiser sync point [ReadyToRun] by [DistributorFederate]: already registered
ERROR [main] portico.lrc: FAILURE Register sync point [ReadyToRun] by [DistributorFederate]: label already registered
ERROR [main] portico.lrc: not published: 519
org.portico.lrc.compat.JInteractionClassNotPublished: not published: 519
	at org.portico.lrc.services.object.handlers.outgoing.SendInteractionHandler.validatePublication(SendInteractionHandler.java:127)
	at org.portico.lrc.services.object.handlers.outgoing.SendInteractionHandler.process(SendInteractionHandler.java:85)
	at org.portico.utils.messaging.MessageSink.process(MessageSink.java:187)
	at org.portico.impl.hla13.Impl13Helper.processMessage(Impl13Helper.java:123)
	at org.portico.impl.hla13.Rti13Ambassador.processMessage(Rti13Ambassador.java:5822)
	at org.portico.impl.hla13.Rti13Ambassador.sendInteraction(Rti13Ambassador.java:2127)
	at hla13.producerConsumer.distributor.DistributorFederate.sendInteraction(DistributorFederate.java:113)
	at hla13.producerConsumer.distributor.DistributorFederate.runFederate(DistributorFederate.java:94)
	at hla13.producerConsumer.distributor.DistributorFederate.main(DistributorFederate.java:245)
ERROR [main] portico.lrc: federation exists: ExampleFederation
org.portico.lrc.compat.JFederationExecutionAlreadyExists: federation exists: ExampleFederation
	at org.portico.bindings.jgroups.LrcConnection.createFederation(LrcConnection.java:163)
	at org.portico.lrc.services.federation.handlers.outgoing.CreateFederationHandler.process(CreateFederationHandler.java:74)
	at org.portico.utils.messaging.MessageSink.process(MessageSink.java:187)
	at org.portico.impl.hla13.Impl13Helper.processMessage(Impl13Helper.java:123)
	at org.portico.impl.hla13.Rti13Ambassador.processMessage(Rti13Ambassador.java:5822)
	at org.portico.impl.hla13.Rti13Ambassador.createFederationExecution(Rti13Ambassador.java:194)
	at hla13.producerConsumer.cashRegister.CashRegisterFederate.runFederate(CashRegisterFederate.java:34)
	at hla13.producerConsumer.cashRegister.CashRegisterFederate.main(CashRegisterFederate.java:221)
ERROR [main] portico.lrc: FAILURE Regiser sync point [ReadyToRun] by [CashRegisterFederate]: already registered
ERROR [main] portico.lrc: FAILURE Register sync point [ReadyToRun] by [CashRegisterFederate]: label already registered
ERROR [main] portico.lrc: federation exists: ExampleFederation
org.portico.lrc.compat.JFederationExecutionAlreadyExists: federation exists: ExampleFederation
	at org.portico.bindings.jgroups.LrcConnection.createFederation(LrcConnection.java:163)
	at org.portico.lrc.services.federation.handlers.outgoing.CreateFederationHandler.process(CreateFederationHandler.java:74)
	at org.portico.utils.messaging.MessageSink.process(MessageSink.java:187)
	at org.portico.impl.hla13.Impl13Helper.processMessage(Impl13Helper.java:123)
	at org.portico.impl.hla13.Rti13Ambassador.processMessage(Rti13Ambassador.java:5822)
	at org.portico.impl.hla13.Rti13Ambassador.createFederationExecution(Rti13Ambassador.java:194)
	at hla13.producerConsumer.distributor.DistributorFederate.runFederate(DistributorFederate.java:33)
	at hla13.producerConsumer.distributor.DistributorFederate.main(DistributorFederate.java:244)
ERROR [main] portico.lrc: FAILURE Regiser sync point [ReadyToRun] by [DistributorFederate]: already registered
ERROR [main] portico.lrc: FAILURE Register sync point [ReadyToRun] by [DistributorFederate]: label already registered
ERROR [main] portico.lrc: federation exists: ExampleFederation
org.portico.lrc.compat.JFederationExecutionAlreadyExists: federation exists: ExampleFederation
	at org.portico.bindings.jgroups.LrcConnection.createFederation(LrcConnection.java:163)
	at org.portico.lrc.services.federation.handlers.outgoing.CreateFederationHandler.process(CreateFederationHandler.java:74)
	at org.portico.utils.messaging.MessageSink.process(MessageSink.java:187)
	at org.portico.impl.hla13.Impl13Helper.processMessage(Impl13Helper.java:123)
	at org.portico.impl.hla13.Rti13Ambassador.processMessage(Rti13Ambassador.java:5822)
	at org.portico.impl.hla13.Rti13Ambassador.createFederationExecution(Rti13Ambassador.java:194)
	at hla13.producerConsumer.cashRegister.CashRegisterFederate.runFederate(CashRegisterFederate.java:34)
	at hla13.producerConsumer.cashRegister.CashRegisterFederate.main(CashRegisterFederate.java:221)
ERROR [main] portico.lrc: FAILURE Regiser sync point [ReadyToRun] by [CashRegisterFederate]: already registered
ERROR [main] portico.lrc: FAILURE Register sync point [ReadyToRun] by [CashRegisterFederate]: label already registered
ERROR [main] portico.lrc: federation exists: ExampleFederation
org.portico.lrc.compat.JFederationExecutionAlreadyExists: federation exists: ExampleFederation
	at org.portico.bindings.jgroups.LrcConnection.createFederation(LrcConnection.java:163)
	at org.portico.lrc.services.federation.handlers.outgoing.CreateFederationHandler.process(CreateFederationHandler.java:74)
	at org.portico.utils.messaging.MessageSink.process(MessageSink.java:187)
	at org.portico.impl.hla13.Impl13Helper.processMessage(Impl13Helper.java:123)
	at org.portico.impl.hla13.Rti13Ambassador.processMessage(Rti13Ambassador.java:5822)
	at org.portico.impl.hla13.Rti13Ambassador.createFederationExecution(Rti13Ambassador.java:194)
	at hla13.producerConsumer.distributor.DistributorFederate.runFederate(DistributorFederate.java:33)
	at hla13.producerConsumer.distributor.DistributorFederate.main(DistributorFederate.java:244)
ERROR [main] portico.lrc: FAILURE Regiser sync point [ReadyToRun] by [DistributorFederate]: already registered
ERROR [main] portico.lrc: FAILURE Register sync point [ReadyToRun] by [DistributorFederate]: label already registered
